<?xml version="1.0" encoding="UTF-8" ?>
<testsuite errors="0" failures="2" hostname="naveen.local" name="Jsp" skipped="0" tests="1" time="18.295" timestamp="2014-06-11T05:18:07">
  <properties>
[...]
</properties>
  <testcase classname="Jsp" name="testJsp1" time="18.06">
    <failure message="expected:&lt;[Welcome today!]&gt; but was:&lt;[The following error was encountered while trying to retrieve the URL: http://192.168.3.7:8081/Samplejsp/]&gt;" type="junit.framework.AssertionFailedError">junit.framework.AssertionFailedError: expected:&lt;[Welcome today!]&gt; but was:&lt;[The following error was encountered while trying to retrieve the URL: http://192.168.3.7:8081/Samplejsp/]&gt;
	at Jsp.testJsp1(Unknown Source)
</failure>
    <failure message="org.junit.ComparisonFailure: expected:&lt;[pOH Site - pOH]&gt; but was:&lt;[ERROR: The requested URL could not be retrieved]&gt;" type="junit.framework.AssertionFailedError">junit.framework.AssertionFailedError: org.junit.ComparisonFailure: expected:&lt;[pOH Site - pOH]&gt; but was:&lt;[ERROR: The requested URL could not be retrieved]&gt;
	at Jsp.tearDown(Unknown Source)
</failure>
  </testcase>
  <system-out><![CDATA[]]></system-out>
  <system-err><![CDATA[]]></system-err>
</testsuite>
